<?xml version="1.0" encoding="UTF-8"?>
<!-- Generated by org.testng.reporters.JUnitReportReporter -->
<testsuite hostname="Saravana" failures="0" tests="3" name="org.saravana.learntestng.ParallelTesting" time="20.083" errors="0" timestamp="2020-05-03T14:50:10 IST" skipped="0">
  <testcase classname="org.saravana.learntestng.ParallelTesting" name="openGoogle" time="7.495"/>
  <system-out/>
  <testcase classname="org.saravana.learntestng.ParallelTesting" name="openBing" time="4.553"/>
  <system-out/>
  <testcase classname="org.saravana.learntestng.ParallelTesting" name="openYahoo" time="8.035"/>
  <system-out/>
</testsuite> <!-- org.saravana.learntestng.ParallelTesting -->
