<?xml version="1.0" encoding="UTF-8"?>
<!-- Generated by org.testng.reporters.JUnitReportReporter -->
<testsuite hostname="Saravana" failures="0" tests="1" name="org.saravana.learntestng.DataParameterization" time="0.000" errors="0" timestamp="2020-05-03T14:00:58 IST" skipped="0">
  <testcase classname="org.saravana.learntestng.DataParameterization" name="printNameAndAge" time="0.000"/>
  <system-out/>
</testsuite> <!-- org.saravana.learntestng.DataParameterization -->
