<?xml version="1.0" encoding="UTF-8"?>
<!-- Generated by org.testng.reporters.JUnitReportReporter -->
<testsuite hostname="Saravana" failures="0" tests="4" name="org.saravana.learntestng.GroupingExample" time="0.000" errors="0" timestamp="2020-05-03T13:24:32 IST" skipped="0">
  <testcase classname="org.saravana.learntestng.GroupingExample" name="apple2" time="0.000"/>
  <system-out/>
  <testcase classname="org.saravana.learntestng.GroupingExample" name="apple1" time="0.000"/>
  <system-out/>
  <testcase classname="org.saravana.learntestng.GroupingExample" name="moto2" time="0.000"/>
  <system-out/>
  <testcase classname="org.saravana.learntestng.GroupingExample" name="moto1" time="0.000"/>
  <system-out/>
</testsuite> <!-- org.saravana.learntestng.GroupingExample -->
