<?xml version="1.0" encoding="UTF-8"?>
<!-- Generated by org.testng.reporters.JUnitReportReporter -->
<testsuite hostname="Saravana" failures="0" tests="5" name="org.saravana.learntestng.SampleTestCase" time="0.003" errors="0" timestamp="2020-04-30T11:23:21 IST" skipped="0">
  <testcase classname="org.saravana.learntestng.SampleTestCase" name="thirdTestCase" time="0.000"/>
  <system-out/>
  <testcase classname="org.saravana.learntestng.SampleTestCase" name="firstTestCase" time="0.000"/>
  <system-out/>
  <testcase classname="org.saravana.learntestng.SampleTestCase" name="fourthTestCase" time="0.001"/>
  <system-out/>
  <testcase classname="org.saravana.learntestng.SampleTestCase" name="secondTestCase" time="0.001"/>
  <system-out/>
  <testcase classname="org.saravana.learntestng.SampleTestCase" name="fifthTestCase" time="0.001"/>
  <system-out/>
</testsuite> <!-- org.saravana.learntestng.SampleTestCase -->
