<?xml version="1.0" encoding="UTF-8"?>
<!-- Generated by org.testng.reporters.JUnitReportReporter -->
<testsuite hostname="Saravana" failures="0" tests="3" name="org.saravana.learntestng.DriveCar" time="0.006" errors="0" timestamp="2020-05-04T14:17:00 IST" skipped="0">
  <testcase classname="org.saravana.learntestng.DriveCar" name="startTheCar" time="0.006"/>
  <system-out/>
  <testcase classname="org.saravana.learntestng.DriveCar" name="putFirstGear" time="0.000"/>
  <system-out/>
  <testcase classname="org.saravana.learntestng.DriveCar" name="putSecondGear" time="0.000"/>
  <system-out/>
</testsuite> <!-- org.saravana.learntestng.DriveCar -->
