<?xml version="1.0" encoding="UTF-8"?>
<!-- Generated by org.testng.reporters.JUnitReportReporter -->
<testsuite hostname="Saravana" failures="0" tests="6" name="org.saravana.learntestng.SkippingTheTestCase" time="0.001" errors="0" timestamp="2020-04-30T11:23:21 IST" skipped="1">
  <testcase classname="org.saravana.learntestng.SkippingTheTestCase" name="startTheCar" time="0.001"/>
  <system-out/>
  <testcase classname="org.saravana.learntestng.SkippingTheTestCase" name="putFirstGear" time="0.000"/>
  <system-out/>
  <testcase classname="org.saravana.learntestng.SkippingTheTestCase" name="putSecondGear" time="0.000"/>
  <system-out/>
  <testcase classname="org.saravana.learntestng.SkippingTheTestCase" name="putThirdGear" time="0.000"/>
  <system-out/>
  <testcase classname="org.saravana.learntestng.SkippingTheTestCase" name="putFourthGear" time="0.000"/>
  <system-out/>
  <testcase classname="org.saravana.learntestng.SkippingTheTestCase" name="turnMusicOn">
    <skipped/>
  </testcase> <!-- turnMusicOn -->
  <system-out/>
</testsuite> <!-- org.saravana.learntestng.SkippingTheTestCase -->
