<?xml version="1.0" encoding="UTF-8"?>
<!-- Generated by org.testng.reporters.JUnitReportReporter -->
<testsuite hostname="Saravana" failures="0" tests="3" name="org.saravana.learntestng.Dependency" time="0.007" errors="0" timestamp="2020-04-30T11:23:21 IST" skipped="0">
  <testcase classname="org.saravana.learntestng.Dependency" name="higherSecSchool" time="0.001"/>
  <system-out/>
  <testcase classname="org.saravana.learntestng.Dependency" name="highSchool" time="0.005"/>
  <system-out/>
  <testcase classname="org.saravana.learntestng.Dependency" name="engineering" time="0.001"/>
  <system-out/>
</testsuite> <!-- org.saravana.learntestng.Dependency -->
